android/app/build/intermediates/manifest_merge_blame_file/debug/manifest-merger-blame-debug-report.txt
1<?xml version="1.0" encoding="utf-8"?>
2<manifest xmlns:android="http://schemas.android.com/apk/res/android"
3    package="com.whatsappclone"
4    android:versionCode="1"
5    android:versionName="1.0" >
6
7    <uses-sdk
8        android:minSdkVersion="21"
9        android:targetSdkVersion="30" />
10
11    <uses-permission android:name="android.permission.SYSTEM_ALERT_WINDOW" />
11-->src/debug/AndroidManifest.xml:5:5-77
11-->src/debug/AndroidManifest.xml:5:22-75
12    <uses-permission android:name="android.permission.INTERNET" />
12-->src/main/AndroidManifest.xml:4:5-67
12-->src/main/AndroidManifest.xml:4:22-64
13    <uses-permission android:name="android.permission.ACCESS_WIFI_STATE" />
13-->[com.facebook.flipper:flipper:0.99.0] AndroidManifest.xml:16:5-76
13-->[com.facebook.flipper:flipper:0.99.0] AndroidManifest.xml:16:22-73
14    <uses-permission android:name="android.permission.WAKE_LOCK" />
14-->[:react-native-firebase_auth] AndroidManifest.xml:10:5-68
14-->[:react-native-firebase_auth] AndroidManifest.xml:10:22-65
15    <uses-permission android:name="android.permission.ACCESS_NETWORK_STATE" />
15-->[:react-native-firebase_auth] AndroidManifest.xml:11:5-79
15-->[:react-native-firebase_auth] AndroidManifest.xml:11:22-76
16
17    <application
17-->src/main/AndroidManifest.xml:6:5-24:19
18        android:name="com.whatsappclone.MainApplication"
18-->src/main/AndroidManifest.xml:7:7-38
19        android:allowBackup="false"
19-->src/main/AndroidManifest.xml:11:7-34
20        android:appComponentFactory="androidx.core.app.CoreComponentFactory"
20-->[androidx.core:core:1.5.0] AndroidManifest.xml:24:18-86
21        android:debuggable="true"
22        android:icon="@mipmap/ic_launcher"
22-->src/main/AndroidManifest.xml:9:7-41
23        android:label="@string/app_name"
23-->src/main/AndroidManifest.xml:8:7-39
24        android:roundIcon="@mipmap/ic_launcher_round"
24-->src/main/AndroidManifest.xml:10:7-52
25        android:testOnly="true"
26        android:theme="@style/AppTheme"
26-->src/main/AndroidManifest.xml:12:7-38
27        android:usesCleartextTraffic="true" >
27-->src/debug/AndroidManifest.xml:8:9-44
28        <activity android:name="com.facebook.react.devsupport.DevSettingsActivity" />
28-->src/debug/AndroidManifest.xml:11:9-86
28-->src/debug/AndroidManifest.xml:11:19-83
29        <activity
29-->src/main/AndroidManifest.xml:13:7-23:18
30            android:name="com.whatsappclone.MainActivity"
30-->src/main/AndroidManifest.xml:14:9-37
31            android:configChanges="keyboard|keyboardHidden|orientation|screenSize|uiMode"
31-->src/main/AndroidManifest.xml:16:9-86
32            android:label="@string/app_name"
32-->src/main/AndroidManifest.xml:15:9-41
33            android:launchMode="singleTask"
33-->src/main/AndroidManifest.xml:17:9-40
34            android:windowSoftInputMode="adjustResize" >
34-->src/main/AndroidManifest.xml:18:9-51
35            <intent-filter>
35-->src/main/AndroidManifest.xml:19:9-22:25
36                <action android:name="android.intent.action.MAIN" />
36-->src/main/AndroidManifest.xml:20:13-65
36-->src/main/AndroidManifest.xml:20:21-62
37
38                <category android:name="android.intent.category.LAUNCHER" />
38-->src/main/AndroidManifest.xml:21:13-73
38-->src/main/AndroidManifest.xml:21:23-70
39            </intent-filter>
40        </activity>
41
42        <meta-data
42-->[:react-native-firebase_app] AndroidManifest.xml:10:9-12:36
43            android:name="app_data_collection_default_enabled"
43-->[:react-native-firebase_app] AndroidManifest.xml:11:13-63
44            android:value="true" />
44-->[:react-native-firebase_app] AndroidManifest.xml:12:13-33
45
46        <service
46-->[:react-native-firebase_app] AndroidManifest.xml:14:9-18:19
47            android:name="com.google.firebase.components.ComponentDiscoveryService"
47-->[:react-native-firebase_app] AndroidManifest.xml:14:18-89
48            android:directBootAware="true"
48-->[com.google.firebase:firebase-common:20.0.0] AndroidManifest.xml:35:13-43
49            android:exported="false" >
49-->[com.google.firebase:firebase-auth:21.0.1] AndroidManifest.xml:76:13-37
50            <meta-data
50-->[:react-native-firebase_app] AndroidManifest.xml:15:13-17:85
51                android:name="com.google.firebase.components:io.invertase.firebase.app.ReactNativeFirebaseAppRegistrar"
51-->[:react-native-firebase_app] AndroidManifest.xml:16:17-120
52                android:value="com.google.firebase.components.ComponentRegistrar" />
52-->[:react-native-firebase_app] AndroidManifest.xml:17:17-82
53            <meta-data
53-->[com.google.firebase:firebase-auth:21.0.1] AndroidManifest.xml:77:13-79:85
54                android:name="com.google.firebase.components:com.google.firebase.auth.FirebaseAuthRegistrar"
54-->[com.google.firebase:firebase-auth:21.0.1] AndroidManifest.xml:78:17-109
55                android:value="com.google.firebase.components.ComponentRegistrar" />
55-->[com.google.firebase:firebase-auth:21.0.1] AndroidManifest.xml:79:17-82
56            <meta-data
56-->[com.google.firebase:firebase-firestore:24.0.0] AndroidManifest.xml:20:13-22:85
57                android:name="com.google.firebase.components:com.google.firebase.firestore.FirestoreRegistrar"
57-->[com.google.firebase:firebase-firestore:24.0.0] AndroidManifest.xml:21:17-111
58                android:value="com.google.firebase.components.ComponentRegistrar" />
58-->[com.google.firebase:firebase-firestore:24.0.0] AndroidManifest.xml:22:17-82
59        </service>
60
61        <provider
61-->[:react-native-firebase_app] AndroidManifest.xml:20:9-24:38
62            android:name="io.invertase.firebase.app.ReactNativeFirebaseAppInitProvider"
62-->[:react-native-firebase_app] AndroidManifest.xml:21:13-88
63            android:authorities="com.whatsappclone.reactnativefirebaseappinitprovider"
63-->[:react-native-firebase_app] AndroidManifest.xml:22:13-86
64            android:exported="false"
64-->[:react-native-firebase_app] AndroidManifest.xml:23:13-37
65            android:initOrder="99" />
65-->[:react-native-firebase_app] AndroidManifest.xml:24:13-35
66
67        <activity
67-->[com.google.firebase:firebase-auth:21.0.1] AndroidManifest.xml:27:9-44:20
68            android:name="com.google.firebase.auth.internal.GenericIdpActivity"
68-->[com.google.firebase:firebase-auth:21.0.1] AndroidManifest.xml:28:13-80
69            android:excludeFromRecents="true"
69-->[com.google.firebase:firebase-auth:21.0.1] AndroidManifest.xml:29:13-46
70            android:exported="true"
70-->[com.google.firebase:firebase-auth:21.0.1] AndroidManifest.xml:30:13-36
71            android:launchMode="singleTask"
71-->[com.google.firebase:firebase-auth:21.0.1] AndroidManifest.xml:31:13-44
72            android:theme="@android:style/Theme.Translucent.NoTitleBar" >
72-->[com.google.firebase:firebase-auth:21.0.1] AndroidManifest.xml:32:13-72
73            <intent-filter>
73-->[com.google.firebase:firebase-auth:21.0.1] AndroidManifest.xml:33:13-43:29
74                <action android:name="android.intent.action.VIEW" />
74-->[com.google.firebase:firebase-auth:21.0.1] AndroidManifest.xml:34:17-69
74-->[com.google.firebase:firebase-auth:21.0.1] AndroidManifest.xml:34:25-66
75
76                <category android:name="android.intent.category.DEFAULT" />
76-->[com.google.firebase:firebase-auth:21.0.1] AndroidManifest.xml:36:17-76
76-->[com.google.firebase:firebase-auth:21.0.1] AndroidManifest.xml:36:27-73
77                <category android:name="android.intent.category.BROWSABLE" />
77-->[com.google.firebase:firebase-auth:21.0.1] AndroidManifest.xml:37:17-78
77-->[com.google.firebase:firebase-auth:21.0.1] AndroidManifest.xml:37:27-75
78
79                <data
79-->[com.google.firebase:firebase-auth:21.0.1] AndroidManifest.xml:39:17-42:51
80                    android:host="firebase.auth"
80-->[com.google.firebase:firebase-auth:21.0.1] AndroidManifest.xml:40:21-49
81                    android:path="/"
81-->[com.google.firebase:firebase-auth:21.0.1] AndroidManifest.xml:41:21-37
82                    android:scheme="genericidp" />
82-->[com.google.firebase:firebase-auth:21.0.1] AndroidManifest.xml:42:21-48
83            </intent-filter>
84        </activity>
85        <activity
85-->[com.google.firebase:firebase-auth:21.0.1] AndroidManifest.xml:45:9-62:20
86            android:name="com.google.firebase.auth.internal.RecaptchaActivity"
86-->[com.google.firebase:firebase-auth:21.0.1] AndroidManifest.xml:46:13-79
87            android:excludeFromRecents="true"
87-->[com.google.firebase:firebase-auth:21.0.1] AndroidManifest.xml:47:13-46
88            android:exported="true"
88-->[com.google.firebase:firebase-auth:21.0.1] AndroidManifest.xml:48:13-36
89            android:launchMode="singleTask"
89-->[com.google.firebase:firebase-auth:21.0.1] AndroidManifest.xml:49:13-44
90            android:theme="@android:style/Theme.Translucent.NoTitleBar" >
90-->[com.google.firebase:firebase-auth:21.0.1] AndroidManifest.xml:50:13-72
91            <intent-filter>
91-->[com.google.firebase:firebase-auth:21.0.1] AndroidManifest.xml:51:13-61:29
92                <action android:name="android.intent.action.VIEW" />
92-->[com.google.firebase:firebase-auth:21.0.1] AndroidManifest.xml:34:17-69
92-->[com.google.firebase:firebase-auth:21.0.1] AndroidManifest.xml:34:25-66
93
94                <category android:name="android.intent.category.DEFAULT" />
94-->[com.google.firebase:firebase-auth:21.0.1] AndroidManifest.xml:36:17-76
94-->[com.google.firebase:firebase-auth:21.0.1] AndroidManifest.xml:36:27-73
95                <category android:name="android.intent.category.BROWSABLE" />
95-->[com.google.firebase:firebase-auth:21.0.1] AndroidManifest.xml:37:17-78
95-->[com.google.firebase:firebase-auth:21.0.1] AndroidManifest.xml:37:27-75
96
97                <data
97-->[com.google.firebase:firebase-auth:21.0.1] AndroidManifest.xml:39:17-42:51
98                    android:host="firebase.auth"
98-->[com.google.firebase:firebase-auth:21.0.1] AndroidManifest.xml:40:21-49
99                    android:path="/"
99-->[com.google.firebase:firebase-auth:21.0.1] AndroidManifest.xml:41:21-37
100                    android:scheme="recaptcha" />
100-->[com.google.firebase:firebase-auth:21.0.1] AndroidManifest.xml:42:21-48
101            </intent-filter>
102        </activity>
103
104        <service
104-->[com.google.firebase:firebase-auth:21.0.1] AndroidManifest.xml:64:9-73:19
105            android:name="com.google.firebase.auth.api.fallback.service.FirebaseAuthFallbackService"
105-->[com.google.firebase:firebase-auth:21.0.1] AndroidManifest.xml:65:13-101
106            android:enabled="true"
106-->[com.google.firebase:firebase-auth:21.0.1] AndroidManifest.xml:66:13-35
107            android:exported="false" >
107-->[com.google.firebase:firebase-auth:21.0.1] AndroidManifest.xml:67:13-37
108            <intent-filter>
108-->[com.google.firebase:firebase-auth:21.0.1] AndroidManifest.xml:68:13-72:29
109                <action android:name="com.google.firebase.auth.api.gms.service.START" />
109-->[com.google.firebase:firebase-auth:21.0.1] AndroidManifest.xml:69:17-89
109-->[com.google.firebase:firebase-auth:21.0.1] AndroidManifest.xml:69:25-86
110
111                <category android:name="android.intent.category.DEFAULT" />
111-->[com.google.firebase:firebase-auth:21.0.1] AndroidManifest.xml:36:17-76
111-->[com.google.firebase:firebase-auth:21.0.1] AndroidManifest.xml:36:27-73
112            </intent-filter>
113        </service>
114
115        <activity
115-->[com.google.android.gms:play-services-auth:20.0.0] AndroidManifest.xml:23:9-27:75
116            android:name="com.google.android.gms.auth.api.signin.internal.SignInHubActivity"
116-->[com.google.android.gms:play-services-auth:20.0.0] AndroidManifest.xml:24:13-93
117            android:excludeFromRecents="true"
117-->[com.google.android.gms:play-services-auth:20.0.0] AndroidManifest.xml:25:13-46
118            android:exported="false"
118-->[com.google.android.gms:play-services-auth:20.0.0] AndroidManifest.xml:26:13-37
119            android:theme="@android:style/Theme.Translucent.NoTitleBar" />
119-->[com.google.android.gms:play-services-auth:20.0.0] AndroidManifest.xml:27:13-72
120        <!--
121            Service handling Google Sign-In user revocation. For apps that do not integrate with
122            Google Sign-In, this service will never be started.
123        -->
124        <service
124-->[com.google.android.gms:play-services-auth:20.0.0] AndroidManifest.xml:33:9-37:51
125            android:name="com.google.android.gms.auth.api.signin.RevocationBoundService"
125-->[com.google.android.gms:play-services-auth:20.0.0] AndroidManifest.xml:34:13-89
126            android:exported="true"
126-->[com.google.android.gms:play-services-auth:20.0.0] AndroidManifest.xml:35:13-36
127            android:permission="com.google.android.gms.auth.api.signin.permission.REVOCATION_NOTIFICATION"
127-->[com.google.android.gms:play-services-auth:20.0.0] AndroidManifest.xml:36:13-107
128            android:visibleToInstantApps="true" />
128-->[com.google.android.gms:play-services-auth:20.0.0] AndroidManifest.xml:37:13-48
129
130        <activity
130-->[com.google.android.gms:play-services-base:18.0.0] AndroidManifest.xml:20:9-22:45
131            android:name="com.google.android.gms.common.api.GoogleApiActivity"
131-->[com.google.android.gms:play-services-base:18.0.0] AndroidManifest.xml:20:19-85
132            android:exported="false"
132-->[com.google.android.gms:play-services-base:18.0.0] AndroidManifest.xml:22:19-43
133            android:theme="@android:style/Theme.Translucent.NoTitleBar" />
133-->[com.google.android.gms:play-services-base:18.0.0] AndroidManifest.xml:21:19-78
134
135        <provider
135-->[com.google.firebase:firebase-common:20.0.0] AndroidManifest.xml:26:9-31:39
136            android:name="com.google.firebase.provider.FirebaseInitProvider"
136-->[com.google.firebase:firebase-common:20.0.0] AndroidManifest.xml:27:13-77
137            android:authorities="com.whatsappclone.firebaseinitprovider"
137-->[com.google.firebase:firebase-common:20.0.0] AndroidManifest.xml:28:13-72
138            android:directBootAware="true"
138-->[com.google.firebase:firebase-common:20.0.0] AndroidManifest.xml:29:13-43
139            android:exported="false"
139-->[com.google.firebase:firebase-common:20.0.0] AndroidManifest.xml:30:13-37
140            android:initOrder="100" />
140-->[com.google.firebase:firebase-common:20.0.0] AndroidManifest.xml:31:13-36
141
142        <meta-data
142-->[com.google.android.gms:play-services-basement:18.0.0] AndroidManifest.xml:21:9-23:69
143            android:name="com.google.android.gms.version"
143-->[com.google.android.gms:play-services-basement:18.0.0] AndroidManifest.xml:22:13-58
144            android:value="@integer/google_play_services_version" />
144-->[com.google.android.gms:play-services-basement:18.0.0] AndroidManifest.xml:23:13-66
145    </application>
146
147</manifest>